2011-11-30 11:46:39 org.apache.catalina.core.AprLifecycleListener init
信息: The APR based Apache Tomcat Native library which allows optimal performance in production environments was not found on the java.library.path: C:\Program Files\Java\jdk1.6.0_10\bin;.;C:\WINDOWS\Sun\Java\bin;C:\WINDOWS\system32;C:\WINDOWS;C:\oracle\product\10.1.0\db_1\bin;C:\oracle\product\10.1.0\db_1\jre\1.4.2\bin\client;C:\oracle\product\10.1.0\db_1\jre\1.4.2\bin;C:\WINDOWS\system32;C:\WINDOWS;C:\WINDOWS\System32\Wbem;C:\Program Files\Java\jdk1.6.0_10\bin;C:\Program Files\Microsoft SQL Server\80\Tools\Binn\;C:\Program Files\Microsoft SQL Server\90\DTS\Binn\;C:\Program Files\Microsoft SQL Server\90\Tools\binn\;C:\Program Files\Microsoft SQL Server\90\Tools\Binn\VSShell\Common7\IDE\;C:\Program Files\Microsoft Visual Studio 8\Common7\IDE\PrivateAssemblies\;
2011-11-30 11:46:40 org.apache.coyote.http11.Http11Protocol init
信息: Initializing Coyote HTTP/1.1 on http-8080
2011-11-30 11:46:40 org.apache.catalina.startup.Catalina load
信息: Initialization processed in 1625 ms
2011-11-30 11:46:40 org.apache.catalina.core.StandardService start
信息: Starting service Catalina
2011-11-30 11:46:40 org.apache.catalina.core.StandardEngine start
信息: Starting Servlet Engine: Apache Tomcat/6.0.33
2011-11-30 11:46:40 org.apache.catalina.startup.HostConfig deployDirectory
信息: Deploying web application directory docs
2011-11-30 11:46:40 org.apache.catalina.startup.HostConfig deployDirectory
信息: Deploying web application directory examples
2011-11-30 11:46:41 org.apache.catalina.startup.HostConfig deployDirectory
信息: Deploying web application directory host-manager
2011-11-30 11:46:41 org.apache.catalina.startup.HostConfig deployDirectory
信息: Deploying web application directory manager
2011-11-30 11:46:41 org.apache.catalina.startup.HostConfig deployDirectory
信息: Deploying web application directory ROOT
2011-11-30 11:46:41 org.apache.coyote.http11.Http11Protocol start
信息: Starting Coyote HTTP/1.1 on http-8080
2011-11-30 11:46:41 org.apache.jk.common.ChannelSocket init
信息: JK: ajp13 listening on /0.0.0.0:8009
2011-11-30 11:46:41 org.apache.jk.server.JkMain start
信息: Jk running ID=0 time=0/31  config=null
2011-11-30 11:46:41 org.apache.catalina.startup.Catalina start
信息: Server startup in 827 ms
2011-11-30 11:47:24 org.apache.coyote.http11.Http11Protocol pause
信息: Pausing Coyote HTTP/1.1 on http-8080
2011-11-30 11:47:25 org.apache.catalina.core.StandardService stop
信息: Stopping service Catalina
2011-11-30 11:47:25 org.apache.coyote.http11.Http11Protocol destroy
信息: Stopping Coyote HTTP/1.1 on http-8080
