2014-11-29 22:32:22 org.apache.catalina.core.ApplicationContext log
信息: ContextListener: contextInitialized()
2014-11-29 22:32:22 org.apache.catalina.core.ApplicationContext log
信息: SessionListener: contextInitialized()
2014-11-29 22:43:25 org.apache.catalina.core.ApplicationContext log
信息: ContextListener: contextInitialized()
2014-11-29 22:43:25 org.apache.catalina.core.ApplicationContext log
信息: SessionListener: contextInitialized()
2014-11-29 22:53:54 org.apache.catalina.core.ApplicationContext log
信息: ContextListener: contextInitialized()
2014-11-29 22:53:54 org.apache.catalina.core.ApplicationContext log
信息: SessionListener: contextInitialized()
2014-11-29 22:58:03 org.apache.catalina.core.ApplicationContext log
信息: ContextListener: contextInitialized()
2014-11-29 22:58:03 org.apache.catalina.core.ApplicationContext log
信息: SessionListener: contextInitialized()
2014-11-29 22:59:15 org.apache.catalina.core.ApplicationContext log
信息: ContextListener: contextInitialized()
2014-11-29 22:59:15 org.apache.catalina.core.ApplicationContext log
信息: SessionListener: contextInitialized()
2014-11-29 23:24:47 org.apache.catalina.core.ApplicationContext log
信息: ContextListener: contextInitialized()
2014-11-29 23:24:47 org.apache.catalina.core.ApplicationContext log
信息: SessionListener: contextInitialized()
2014-11-29 23:27:40 org.apache.catalina.core.ApplicationContext log
信息: ContextListener: contextInitialized()
2014-11-29 23:27:40 org.apache.catalina.core.ApplicationContext log
信息: SessionListener: contextInitialized()
2014-11-29 23:27:43 org.apache.catalina.core.ApplicationContext log
信息: SessionListener: contextDestroyed()
2014-11-29 23:27:43 org.apache.catalina.core.ApplicationContext log
信息: ContextListener: contextDestroyed()
2014-11-29 23:27:50 org.apache.catalina.core.ApplicationContext log
信息: ContextListener: contextInitialized()
2014-11-29 23:27:50 org.apache.catalina.core.ApplicationContext log
信息: SessionListener: contextInitialized()
2014-11-29 23:30:34 org.apache.catalina.core.ApplicationContext log
信息: ContextListener: contextInitialized()
2014-11-29 23:30:34 org.apache.catalina.core.ApplicationContext log
信息: SessionListener: contextInitialized()
2014-11-29 23:33:05 org.apache.catalina.core.ApplicationContext log
信息: ContextListener: contextInitialized()
2014-11-29 23:33:05 org.apache.catalina.core.ApplicationContext log
信息: SessionListener: contextInitialized()
2014-11-29 23:38:15 org.apache.catalina.core.ApplicationContext log
信息: ContextListener: contextInitialized()
2014-11-29 23:38:15 org.apache.catalina.core.ApplicationContext log
信息: SessionListener: contextInitialized()
2014-11-29 23:42:02 org.apache.catalina.core.ApplicationContext log
信息: ContextListener: contextInitialized()
2014-11-29 23:42:02 org.apache.catalina.core.ApplicationContext log
信息: SessionListener: contextInitialized()
2014-11-29 23:47:06 org.apache.catalina.core.ApplicationContext log
信息: ContextListener: contextInitialized()
2014-11-29 23:47:06 org.apache.catalina.core.ApplicationContext log
信息: SessionListener: contextInitialized()
2014-11-29 23:48:30 org.apache.catalina.core.ApplicationContext log
信息: ContextListener: contextInitialized()
2014-11-29 23:48:30 org.apache.catalina.core.ApplicationContext log
信息: SessionListener: contextInitialized()
2014-11-29 23:49:49 org.apache.catalina.core.ApplicationContext log
信息: ContextListener: contextInitialized()
2014-11-29 23:49:49 org.apache.catalina.core.ApplicationContext log
信息: SessionListener: contextInitialized()
2014-11-29 23:52:39 org.apache.catalina.core.ApplicationContext log
信息: ContextListener: contextInitialized()
2014-11-29 23:52:39 org.apache.catalina.core.ApplicationContext log
信息: SessionListener: contextInitialized()
